#--- Data Import Path
##/DATA_IMPORT_PATH PLY_DATA

#--- Data Export Path
#/DATA_EXPORT_PATH SPBR_DATA/

#--- SPBR Command
#/RepeatLevel 100
##/ColorRGBByte 255 255 0
#/ImageResolution 1024
#/BGColorRGBByte 0 0 0
#/BoundingBox -37.1113 3.7333 -2.2926 6.69598 19.5029 12.8342
#/ParticleZoom 0
#/Shading 0
#/LOD 0
#/LookAt 1.8 20 0
#/CameraPosition 0 -7 0.3
#/EndHeader

#--- Data file list
# Input_Datafile_name Output_Datafile_name ALPHA
#pig.ply pig.spbr 0.1
#PLY_DATA/pig.ply pig.spbr 0.1
###~/Data/all0721.txt.ply hachi0721.spbr 0.2 
##~/Data/shrewd/20170227_one_part.ply 
#data.xya   out.spbr  0.2
#~/Data/shrewd/20170227_one_part.ply shrewd_2.spbr 0.15

akarenga0.025_floor_pds0.5.ply new.spbr 0.5
#daen.ply test.ply 0.1